For start:

Search finished after 0.003 secs
  Found move 'H9/LeftUp'
  Leaves visited: 2244 (748 k/s)
  Nodes visited: 45 (49 leaves per node)
X draws 'H9/LeftUp' (after 0.003 secs)...


For midgame1:

 EvalRate 545 k/s (6000 evals, 11 msecs)
Evaluations= 163
 Search finished after 0.013 secs
  Found move 'C2/Right'
  Leaves visited: 6965 (535 k/s)
  Nodes visited: 89 (78 leaves per node)
O draws 'C2/Right' (after 0.013 secs)...

For midgame2:
Search finished after 0.007 secs
  Found move 'B1/RightUp'
  Leaves visited: 4036 (576 k/s)
  Nodes visited: 68 (59 leaves per node)
O draws 'B1/RightUp' (after 0.007 secs)...

For endgame:

Search finished after 0.005 secs
  Found move 'E5/RightDown/Out'
  Leaves visited: 3293 (658 k/s)
  Nodes visited: 72 (45 leaves per node)
O draws 'E5/RightDown/Out' (after 0.005 secs)...

