h039var@login01:~/Efficient_lab/heatdir> make
icc -O2 -xCORE-AVX512 -fno-alias -qopt-zmm-usage=high -qopt-report-annotate -qopt-report-phase=vec,loop -c -o heat.o heat.c
icc -O2 -xCORE-AVX512 -fno-alias -qopt-zmm-usage=high -qopt-report-annotate -qopt-report-phase=vec,loop -c -o input.o input.c
icc -O2 -xCORE-AVX512 -fno-alias -qopt-zmm-usage=high -qopt-report-annotate -qopt-report-phase=vec,loop -c -o misc.o misc.c
icc -O2 -xCORE-AVX512 -fno-alias -qopt-zmm-usage=high -qopt-report-annotate -qopt-report-phase=vec,loop -c -o timing.o timing.c
icc -O2 -xCORE-AVX512 -fno-alias -qopt-zmm-usage=high -qopt-report-annotate -qopt-report-phase=vec,loop -c -o relax_gauss.o relax_gauss.c
icc -O2 -xCORE-AVX512 -fno-alias -qopt-zmm-usage=high -qopt-report-annotate -qopt-report-phase=vec,loop -c -o relax_jacobi.o relax_jacobi.c
icc -O2 -xCORE-AVX512 -fno-alias -qopt-zmm-usage=high -qopt-report-annotate -qopt-report-phase=vec,loop -o heat heat.o input.o misc.o timing.o relax_gauss.o relax_jacobi.o -lm
h039var@login01:~/Efficient_lab/heatdir>
h039var@login01:~/Efficient_lab/heatdir>
h039var@login01:~/Efficient_lab/heatdir>
h039var@login01:~/Efficient_lab/heatdir>
h039var@login01:~/Efficient_lab/heatdir>
h039var@login01:~/Efficient_lab/heatdir> bash login_node_batch.sh
Resolutions       : (500, 1500, ... 4800)
Iterations        : 40
Algorithm         : 0 (Jacobi)
Num. Heat sources : 2
   1: (0.00, 0.00) 1.00 1.00
   2: (1.00, 1.00) 1.00 0.50
Resolution:   500, Time: 0.021 (0.110 GFlop => 5260.87 MFlop/s, residual 0.079613, 40 iterations)
Resolution:  1500, Time: 0.299 (0.990 GFlop => 3308.79 MFlop/s, residual 0.238673, 40 iterations)
Resolution:  2500, Time: 1.124 (2.750 GFlop => 2446.33 MFlop/s, residual 0.397703, 40 iterations)
Resolution:  3500, Time: 2.278 (5.390 GFlop => 2366.15 MFlop/s, residual 0.556728, 40 iterations)
Resolution:  4500, Time: 4.580 (8.910 GFlop => 1945.35 MFlop/s, residual 0.715752, 40 iterations)
Resolutions       : (500, 1500, ... 4800)
Iterations        : 40
Algorithm         : 0 (Jacobi)
Num. Heat sources : 2
   1: (0.00, 0.00) 1.00 1.00
   2: (1.00, 1.00) 1.00 0.50
Resolution:   500, Time: 0.020 (0.110 GFlop => 5541.56 MFlop/s, residual 0.079613, 40 iterations)
Resolution:  1500, Time: 0.260 (0.990 GFlop => 3800.45 MFlop/s, residual 0.238673, 40 iterations)
Resolution:  2500, Time: 1.092 (2.750 GFlop => 2518.71 MFlop/s, residual 0.397703, 40 iterations)
Resolution:  3500, Time: 2.234 (5.390 GFlop => 2412.73 MFlop/s, residual 0.556728, 40 iterations)
Resolution:  4500, Time: 4.168 (8.910 GFlop => 2137.83 MFlop/s, residual 0.715752, 40 iterations)
Resolutions       : (500, 1500, ... 4800)
Iterations        : 40
Algorithm         : 0 (Jacobi)
Num. Heat sources : 2
   1: (0.00, 0.00) 1.00 1.00
   2: (1.00, 1.00) 1.00 0.50
Resolution:   500, Time: 0.020 (0.110 GFlop => 5423.78 MFlop/s, residual 0.079613, 40 iterations)
Resolution:  1500, Time: 0.309 (0.990 GFlop => 3200.73 MFlop/s, residual 0.238673, 40 iterations)
Resolution:  2500, Time: 1.155 (2.750 GFlop => 2379.92 MFlop/s, residual 0.397703, 40 iterations)
Resolution:  3500, Time: 3.004 (5.390 GFlop => 1794.31 MFlop/s, residual 0.556728, 40 iterations)
Resolution:  4500, Time: 3.623 (8.910 GFlop => 2458.99 MFlop/s, residual 0.715752, 40 iterations)
Resolutions       : (500, 1500, ... 4800)
Iterations        : 40
Algorithm         : 0 (Jacobi)
Num. Heat sources : 2
   1: (0.00, 0.00) 1.00 1.00
   2: (1.00, 1.00) 1.00 0.50
Resolution:   500, Time: 0.024 (0.110 GFlop => 4518.57 MFlop/s, residual 0.079613, 40 iterations)
Resolution:  1500, Time: 0.274 (0.990 GFlop => 3619.28 MFlop/s, residual 0.238673, 40 iterations)
Resolution:  2500, Time: 1.084 (2.750 GFlop => 2536.74 MFlop/s, residual 0.397703, 40 iterations)
Resolution:  3500, Time: 2.176 (5.390 GFlop => 2476.88 MFlop/s, residual 0.556728, 40 iterations)
Resolution:  4500, Time: 3.649 (8.910 GFlop => 2442.07 MFlop/s, residual 0.715752, 40 iterations)
Resolutions       : (500, 1500, ... 4800)
Iterations        : 40
Algorithm         : 0 (Jacobi)
Num. Heat sources : 2
   1: (0.00, 0.00) 1.00 1.00
   2: (1.00, 1.00) 1.00 0.50
Resolution:   500, Time: 0.020 (0.110 GFlop => 5633.24 MFlop/s, residual 0.079613, 40 iterations)
Resolution:  1500, Time: 0.251 (0.990 GFlop => 3945.26 MFlop/s, residual 0.238673, 40 iterations)
Resolution:  2500, Time: 1.058 (2.750 GFlop => 2600.37 MFlop/s, residual 0.397703, 40 iterations)
Resolution:  3500, Time: 2.179 (5.390 GFlop => 2473.29 MFlop/s, residual 0.556728, 40 iterations)
Resolution:  4500, Time: 3.633 (8.910 GFlop => 2452.60 MFlop/s, residual 0.715752, 40 iterations)
Resolutions       : (500, 1500, ... 4800)
Iterations        : 40
Algorithm         : 0 (Jacobi)
Num. Heat sources : 2
   1: (0.00, 0.00) 1.00 1.00
   2: (1.00, 1.00) 1.00 0.50
Resolution:   500, Time: 0.020 (0.110 GFlop => 5598.24 MFlop/s, residual 0.079613, 40 iterations)
Resolution:  1500, Time: 0.245 (0.990 GFlop => 4042.63 MFlop/s, residual 0.238673, 40 iterations)
Resolution:  2500, Time: 1.040 (2.750 GFlop => 2645.12 MFlop/s, residual 0.397703, 40 iterations)
Resolution:  3500, Time: 2.154 (5.390 GFlop => 2502.60 MFlop/s, residual 0.556728, 40 iterations)
Resolution:  4500, Time: 3.635 (8.910 GFlop => 2451.10 MFlop/s, residual 0.715752, 40 iterations)
Resolutions       : (500, 1500, ... 4800)
Iterations        : 40
Algorithm         : 0 (Jacobi)
Num. Heat sources : 2
   1: (0.00, 0.00) 1.00 1.00
   2: (1.00, 1.00) 1.00 0.50
Resolution:   500, Time: 0.020 (0.110 GFlop => 5589.42 MFlop/s, residual 0.079613, 40 iterations)
Resolution:  1500, Time: 0.276 (0.990 GFlop => 3581.27 MFlop/s, residual 0.238673, 40 iterations)
Resolution:  2500, Time: 1.059 (2.750 GFlop => 2596.47 MFlop/s, residual 0.397703, 40 iterations)
Resolution:  3500, Time: 2.167 (5.390 GFlop => 2487.68 MFlop/s, residual 0.556728, 40 iterations)
Resolution:  4500, Time: 3.598 (8.910 GFlop => 2476.32 MFlop/s, residual 0.715752, 40 iterations)
Resolutions       : (500, 1500, ... 4800)
Iterations        : 40
Algorithm         : 0 (Jacobi)
Num. Heat sources : 2
   1: (0.00, 0.00) 1.00 1.00
   2: (1.00, 1.00) 1.00 0.50
Resolution:   500, Time: 0.024 (0.110 GFlop => 4542.06 MFlop/s, residual 0.079613, 40 iterations)
Resolution:  1500, Time: 0.292 (0.990 GFlop => 3395.63 MFlop/s, residual 0.238673, 40 iterations)
Resolution:  2500, Time: 1.116 (2.750 GFlop => 2464.78 MFlop/s, residual 0.397703, 40 iterations)
Resolution:  3500, Time: 2.288 (5.390 GFlop => 2356.00 MFlop/s, residual 0.556728, 40 iterations)
Resolution:  4500, Time: 4.827 (8.910 GFlop => 1845.91 MFlop/s, residual 0.715752, 40 iterations)
Resolutions       : (500, 1500, ... 4800)
Iterations        : 40
Algorithm         : 0 (Jacobi)
Num. Heat sources : 2
   1: (0.00, 0.00) 1.00 1.00
   2: (1.00, 1.00) 1.00 0.50
Resolution:   500, Time: 0.020 (0.110 GFlop => 5575.85 MFlop/s, residual 0.079613, 40 iterations)
Resolution:  1500, Time: 0.261 (0.990 GFlop => 3787.18 MFlop/s, residual 0.238673, 40 iterations)
Resolution:  2500, Time: 1.072 (2.750 GFlop => 2565.55 MFlop/s, residual 0.397703, 40 iterations)
Resolution:  3500, Time: 2.206 (5.390 GFlop => 2442.98 MFlop/s, residual 0.556728, 40 iterations)
Resolution:  4500, Time: 3.659 (8.910 GFlop => 2435.15 MFlop/s, residual 0.715752, 40 iterations)
Resolutions       : (500, 1500, ... 4800)
Iterations        : 40
Algorithm         : 0 (Jacobi)
Num. Heat sources : 2
   1: (0.00, 0.00) 1.00 1.00
   2: (1.00, 1.00) 1.00 0.50
Resolution:   500, Time: 0.025 (0.110 GFlop => 4477.92 MFlop/s, residual 0.079613, 40 iterations)
Resolution:  1500, Time: 0.253 (0.990 GFlop => 3908.40 MFlop/s, residual 0.238673, 40 iterations)
Resolution:  2500, Time: 1.062 (2.750 GFlop => 2590.08 MFlop/s, residual 0.397703, 40 iterations)
Resolution:  3500, Time: 2.210 (5.390 GFlop => 2439.04 MFlop/s, residual 0.556728, 40 iterations)
Resolution:  4500, Time: 3.686 (8.910 GFlop => 2416.97 MFlop/s, residual 0.715752, 40 iterations)
