h039var@login01:~/Efficient_lab/heatdir> bash login_node_batch.sh > login_node_O3_batch.out
Resolutions       : (500, 1500, ... 4800)
Iterations        : 40
Algorithm         : 0 (Jacobi)
Num. Heat sources : 2
   1: (0.00, 0.00) 1.00 1.00
   2: (1.00, 1.00) 1.00 0.50
Resolution:   500, Time: 0.020 (0.110 GFlop => 5586.85 MFlop/s, residual 0.079613, 40 iterations)
Resolution:  1500, Time: 0.253 (0.990 GFlop => 3905.44 MFlop/s, residual 0.238673, 40 iterations)
Resolution:  2500, Time: 1.063 (2.750 GFlop => 2588.15 MFlop/s, residual 0.397703, 40 iterations)
Resolution:  3500, Time: 2.209 (5.390 GFlop => 2439.60 MFlop/s, residual 0.556728, 40 iterations)
Resolution:  4500, Time: 4.275 (8.910 GFlop => 2084.15 MFlop/s, residual 0.715752, 40 iterations)
Resolutions       : (500, 1500, ... 4800)
Iterations        : 40
Algorithm         : 0 (Jacobi)
Num. Heat sources : 2
   1: (0.00, 0.00) 1.00 1.00
   2: (1.00, 1.00) 1.00 0.50
Resolution:   500, Time: 0.020 (0.110 GFlop => 5610.49 MFlop/s, residual 0.079613, 40 iterations)
Resolution:  1500, Time: 0.256 (0.990 GFlop => 3866.09 MFlop/s, residual 0.238673, 40 iterations)
Resolution:  2500, Time: 1.049 (2.750 GFlop => 2621.78 MFlop/s, residual 0.397703, 40 iterations)
Resolution:  3500, Time: 2.823 (5.390 GFlop => 1909.51 MFlop/s, residual 0.556728, 40 iterations)
Resolution:  4500, Time: 4.087 (8.910 GFlop => 2180.10 MFlop/s, residual 0.715752, 40 iterations)
Resolutions       : (500, 1500, ... 4800)
Iterations        : 40
Algorithm         : 0 (Jacobi)
Num. Heat sources : 2
   1: (0.00, 0.00) 1.00 1.00
   2: (1.00, 1.00) 1.00 0.50
Resolution:   500, Time: 0.020 (0.110 GFlop => 5560.59 MFlop/s, residual 0.079613, 40 iterations)
Resolution:  1500, Time: 0.255 (0.990 GFlop => 3880.65 MFlop/s, residual 0.238673, 40 iterations)
Resolution:  2500, Time: 1.050 (2.750 GFlop => 2618.38 MFlop/s, residual 0.397703, 40 iterations)
Resolution:  3500, Time: 2.164 (5.390 GFlop => 2491.17 MFlop/s, residual 0.556728, 40 iterations)
Resolution:  4500, Time: 3.805 (8.910 GFlop => 2341.95 MFlop/s, residual 0.715752, 40 iterations)
Resolutions       : (500, 1500, ... 4800)
Iterations        : 40
Algorithm         : 0 (Jacobi)
Num. Heat sources : 2
   1: (0.00, 0.00) 1.00 1.00
   2: (1.00, 1.00) 1.00 0.50
Resolution:   500, Time: 0.023 (0.110 GFlop => 4708.28 MFlop/s, residual 0.079613, 40 iterations)
Resolution:  1500, Time: 0.249 (0.990 GFlop => 3982.06 MFlop/s, residual 0.238673, 40 iterations)
Resolution:  2500, Time: 1.043 (2.750 GFlop => 2635.56 MFlop/s, residual 0.397703, 40 iterations)
Resolution:  3500, Time: 2.151 (5.390 GFlop => 2506.24 MFlop/s, residual 0.556728, 40 iterations)
Resolution:  4500, Time: 3.611 (8.910 GFlop => 2467.19 MFlop/s, residual 0.715752, 40 iterations)
Resolutions       : (500, 1500, ... 4800)
Iterations        : 40
Algorithm         : 0 (Jacobi)
Num. Heat sources : 2
   1: (0.00, 0.00) 1.00 1.00
   2: (1.00, 1.00) 1.00 0.50
Resolution:   500, Time: 0.020 (0.110 GFlop => 5568.24 MFlop/s, residual 0.079613, 40 iterations)
Resolution:  1500, Time: 0.250 (0.990 GFlop => 3956.34 MFlop/s, residual 0.238673, 40 iterations)
Resolution:  2500, Time: 1.039 (2.750 GFlop => 2645.86 MFlop/s, residual 0.397703, 40 iterations)
Resolution:  3500, Time: 2.152 (5.390 GFlop => 2504.31 MFlop/s, residual 0.556728, 40 iterations)
Resolution:  4500, Time: 3.621 (8.910 GFlop => 2460.55 MFlop/s, residual 0.715752, 40 iterations)
Resolutions       : (500, 1500, ... 4800)
Iterations        : 40
Algorithm         : 0 (Jacobi)
Num. Heat sources : 2
   1: (0.00, 0.00) 1.00 1.00
   2: (1.00, 1.00) 1.00 0.50
Resolution:   500, Time: 0.020 (0.110 GFlop => 5563.14 MFlop/s, residual 0.079613, 40 iterations)
Resolution:  1500, Time: 0.278 (0.990 GFlop => 3560.52 MFlop/s, residual 0.238673, 40 iterations)
Resolution:  2500, Time: 1.048 (2.750 GFlop => 2624.71 MFlop/s, residual 0.397703, 40 iterations)
Resolution:  3500, Time: 2.167 (5.390 GFlop => 2486.79 MFlop/s, residual 0.556728, 40 iterations)
Resolution:  4500, Time: 3.591 (8.910 GFlop => 2481.46 MFlop/s, residual 0.715752, 40 iterations)
Resolutions       : (500, 1500, ... 4800)
Iterations        : 40
Algorithm         : 0 (Jacobi)
Num. Heat sources : 2
   1: (0.00, 0.00) 1.00 1.00
   2: (1.00, 1.00) 1.00 0.50
Resolution:   500, Time: 0.020 (0.110 GFlop => 5592.27 MFlop/s, residual 0.079613, 40 iterations)
Resolution:  1500, Time: 0.289 (0.990 GFlop => 3424.16 MFlop/s, residual 0.238673, 40 iterations)
Resolution:  2500, Time: 1.048 (2.750 GFlop => 2624.32 MFlop/s, residual 0.397703, 40 iterations)
Resolution:  3500, Time: 2.165 (5.390 GFlop => 2489.92 MFlop/s, residual 0.556728, 40 iterations)
Resolution:  4500, Time: 3.591 (8.910 GFlop => 2481.46 MFlop/s, residual 0.715752, 40 iterations)
Resolutions       : (500, 1500, ... 4800)
Iterations        : 40
Algorithm         : 0 (Jacobi)
Num. Heat sources : 2
   1: (0.00, 0.00) 1.00 1.00
   2: (1.00, 1.00) 1.00 0.50
Resolution:   500, Time: 0.022 (0.110 GFlop => 5022.57 MFlop/s, residual 0.079613, 40 iterations)
Resolution:  1500, Time: 0.285 (0.990 GFlop => 3476.12 MFlop/s, residual 0.238673, 40 iterations)
Resolution:  2500, Time: 1.098 (2.750 GFlop => 2504.51 MFlop/s, residual 0.397703, 40 iterations)
Resolution:  3500, Time: 2.295 (5.390 GFlop => 2348.11 MFlop/s, residual 0.556728, 40 iterations)
Resolution:  4500, Time: 3.640 (8.910 GFlop => 2447.89 MFlop/s, residual 0.715752, 40 iterations)
Resolutions       : (500, 1500, ... 4800)
Iterations        : 40
Algorithm         : 0 (Jacobi)
Num. Heat sources : 2
   1: (0.00, 0.00) 1.00 1.00
   2: (1.00, 1.00) 1.00 0.50
Resolution:   500, Time: 0.023 (0.110 GFlop => 4825.63 MFlop/s, residual 0.079613, 40 iterations)
Resolution:  1500, Time: 0.246 (0.990 GFlop => 4031.04 MFlop/s, residual 0.238673, 40 iterations)
Resolution:  2500, Time: 1.047 (2.750 GFlop => 2626.94 MFlop/s, residual 0.397703, 40 iterations)
Resolution:  3500, Time: 2.150 (5.390 GFlop => 2507.36 MFlop/s, residual 0.556728, 40 iterations)
Resolution:  4500, Time: 3.615 (8.910 GFlop => 2465.05 MFlop/s, residual 0.715752, 40 iterations)
Resolutions       : (500, 1500, ... 4800)
Iterations        : 40
Algorithm         : 0 (Jacobi)
Num. Heat sources : 2
   1: (0.00, 0.00) 1.00 1.00
   2: (1.00, 1.00) 1.00 0.50
Resolution:   500, Time: 0.020 (0.110 GFlop => 5391.33 MFlop/s, residual 0.079613, 40 iterations)
Resolution:  1500, Time: 0.313 (0.990 GFlop => 3164.36 MFlop/s, residual 0.238673, 40 iterations)
Resolution:  2500, Time: 1.140 (2.750 GFlop => 2412.77 MFlop/s, residual 0.397703, 40 iterations)
Resolution:  3500, Time: 2.227 (5.390 GFlop => 2419.78 MFlop/s, residual 0.556728, 40 iterations)
Resolution:  4500, Time: 4.153 (8.910 GFlop => 2145.29 MFlop/s, residual 0.715752, 40 iterations)
