Resolutions       : (500, 1500, ... 4800)
Iterations        : 40
Algorithm         : 0 (Jacobi)
Num. Heat sources : 2
   1: (0.00, 0.00) 1.00 1.00
   2: (1.00, 1.00) 1.00 0.50
Resolution:   500, Time: 0.020 (0.110 GFlop => 5431.82 MFlop/s, residual 0.079613, 40 iterations)
Resolution:  1500, Time: 0.255 (0.990 GFlop => 3888.16 MFlop/s, residual 0.238673, 40 iterations)
Resolution:  2500, Time: 1.051 (2.750 GFlop => 2615.77 MFlop/s, residual 0.397703, 40 iterations)
Resolution:  3500, Time: 3.091 (5.390 GFlop => 1743.82 MFlop/s, residual 0.556728, 40 iterations)
Resolution:  4500, Time: 3.699 (8.910 GFlop => 2408.74 MFlop/s, residual 0.715752, 40 iterations)
Resolutions       : (500, 1500, ... 4800)
Iterations        : 40
Algorithm         : 0 (Jacobi)
Num. Heat sources : 2
   1: (0.00, 0.00) 1.00 1.00
   2: (1.00, 1.00) 1.00 0.50
Resolution:   500, Time: 0.021 (0.110 GFlop => 5126.77 MFlop/s, residual 0.079613, 40 iterations)
Resolution:  1500, Time: 0.307 (0.990 GFlop => 3228.86 MFlop/s, residual 0.238673, 40 iterations)
Resolution:  2500, Time: 1.101 (2.750 GFlop => 2496.94 MFlop/s, residual 0.397703, 40 iterations)
Resolution:  3500, Time: 2.342 (5.390 GFlop => 2301.52 MFlop/s, residual 0.556728, 40 iterations)
Resolution:  4500, Time: 3.651 (8.910 GFlop => 2440.67 MFlop/s, residual 0.715752, 40 iterations)
Resolutions       : (500, 1500, ... 4800)
Iterations        : 40
Algorithm         : 0 (Jacobi)
Num. Heat sources : 2
   1: (0.00, 0.00) 1.00 1.00
   2: (1.00, 1.00) 1.00 0.50
Resolution:   500, Time: 0.020 (0.110 GFlop => 5410.99 MFlop/s, residual 0.079613, 40 iterations)
Resolution:  1500, Time: 0.316 (0.990 GFlop => 3135.79 MFlop/s, residual 0.238673, 40 iterations)
Resolution:  2500, Time: 1.096 (2.750 GFlop => 2509.78 MFlop/s, residual 0.397703, 40 iterations)
Resolution:  3500, Time: 2.250 (5.390 GFlop => 2395.87 MFlop/s, residual 0.556728, 40 iterations)
Resolution:  4500, Time: 4.995 (8.910 GFlop => 1783.62 MFlop/s, residual 0.715752, 40 iterations)
Resolutions       : (500, 1500, ... 4800)
Iterations        : 40
Algorithm         : 0 (Jacobi)
Num. Heat sources : 2
   1: (0.00, 0.00) 1.00 1.00
   2: (1.00, 1.00) 1.00 0.50
Resolution:   500, Time: 0.023 (0.110 GFlop => 4704.48 MFlop/s, residual 0.079613, 40 iterations)
Resolution:  1500, Time: 0.266 (0.990 GFlop => 3726.27 MFlop/s, residual 0.238673, 40 iterations)
Resolution:  2500, Time: 1.266 (2.750 GFlop => 2171.80 MFlop/s, residual 0.397703, 40 iterations)
Resolution:  3500, Time: 2.287 (5.390 GFlop => 2357.17 MFlop/s, residual 0.556728, 40 iterations)
Resolution:  4500, Time: 3.771 (8.910 GFlop => 2362.70 MFlop/s, residual 0.715752, 40 iterations)
Resolutions       : (500, 1500, ... 4800)
Iterations        : 40
Algorithm         : 0 (Jacobi)
Num. Heat sources : 2
   1: (0.00, 0.00) 1.00 1.00
   2: (1.00, 1.00) 1.00 0.50
Resolution:   500, Time: 0.020 (0.110 GFlop => 5434.25 MFlop/s, residual 0.079613, 40 iterations)
Resolution:  1500, Time: 0.259 (0.990 GFlop => 3828.71 MFlop/s, residual 0.238673, 40 iterations)
Resolution:  2500, Time: 1.053 (2.750 GFlop => 2611.62 MFlop/s, residual 0.397703, 40 iterations)
Resolution:  3500, Time: 2.170 (5.390 GFlop => 2483.84 MFlop/s, residual 0.556728, 40 iterations)
Resolution:  4500, Time: 3.635 (8.910 GFlop => 2450.84 MFlop/s, residual 0.715752, 40 iterations)
Resolutions       : (500, 1500, ... 4800)
Iterations        : 40
Algorithm         : 0 (Jacobi)
Num. Heat sources : 2
   1: (0.00, 0.00) 1.00 1.00
   2: (1.00, 1.00) 1.00 0.50
Resolution:   500, Time: 0.023 (0.110 GFlop => 4803.27 MFlop/s, residual 0.079613, 40 iterations)
Resolution:  1500, Time: 0.323 (0.990 GFlop => 3065.30 MFlop/s, residual 0.238673, 40 iterations)
Resolution:  2500, Time: 1.345 (2.750 GFlop => 2044.65 MFlop/s, residual 0.397703, 40 iterations)
Resolution:  3500, Time: 2.209 (5.390 GFlop => 2440.40 MFlop/s, residual 0.556728, 40 iterations)
Resolution:  4500, Time: 4.758 (8.910 GFlop => 1872.75 MFlop/s, residual 0.715752, 40 iterations)
Resolutions       : (500, 1500, ... 4800)
Iterations        : 40
Algorithm         : 0 (Jacobi)
Num. Heat sources : 2
   1: (0.00, 0.00) 1.00 1.00
   2: (1.00, 1.00) 1.00 0.50
Resolution:   500, Time: 0.020 (0.110 GFlop => 5507.69 MFlop/s, residual 0.079613, 40 iterations)
Resolution:  1500, Time: 0.335 (0.990 GFlop => 2955.38 MFlop/s, residual 0.238673, 40 iterations)
Resolution:  2500, Time: 1.046 (2.750 GFlop => 2628.05 MFlop/s, residual 0.397703, 40 iterations)
Resolution:  3500, Time: 2.509 (5.390 GFlop => 2148.31 MFlop/s, residual 0.556728, 40 iterations)
Resolution:  4500, Time: 3.671 (8.910 GFlop => 2427.32 MFlop/s, residual 0.715752, 40 iterations)
Resolutions       : (500, 1500, ... 4800)
Iterations        : 40
Algorithm         : 0 (Jacobi)
Num. Heat sources : 2
   1: (0.00, 0.00) 1.00 1.00
   2: (1.00, 1.00) 1.00 0.50
Resolution:   500, Time: 0.025 (0.110 GFlop => 4413.75 MFlop/s, residual 0.079613, 40 iterations)
Resolution:  1500, Time: 0.334 (0.990 GFlop => 2963.73 MFlop/s, residual 0.238673, 40 iterations)
Resolution:  2500, Time: 1.043 (2.750 GFlop => 2635.39 MFlop/s, residual 0.397703, 40 iterations)
Resolution:  3500, Time: 2.372 (5.390 GFlop => 2272.58 MFlop/s, residual 0.556728, 40 iterations)
Resolution:  4500, Time: 3.726 (8.910 GFlop => 2391.02 MFlop/s, residual 0.715752, 40 iterations)
Resolutions       : (500, 1500, ... 4800)
Iterations        : 40
Algorithm         : 0 (Jacobi)
Num. Heat sources : 2
   1: (0.00, 0.00) 1.00 1.00
   2: (1.00, 1.00) 1.00 0.50
Resolution:   500, Time: 0.020 (0.110 GFlop => 5398.52 MFlop/s, residual 0.079613, 40 iterations)
Resolution:  1500, Time: 0.253 (0.990 GFlop => 3916.90 MFlop/s, residual 0.238673, 40 iterations)
Resolution:  2500, Time: 1.395 (2.750 GFlop => 1971.13 MFlop/s, residual 0.397703, 40 iterations)
Resolution:  3500, Time: 2.613 (5.390 GFlop => 2062.79 MFlop/s, residual 0.556728, 40 iterations)
Resolution:  4500, Time: 4.718 (8.910 GFlop => 1888.52 MFlop/s, residual 0.715752, 40 iterations)
Resolutions       : (500, 1500, ... 4800)
Iterations        : 40
Algorithm         : 0 (Jacobi)
Num. Heat sources : 2
   1: (0.00, 0.00) 1.00 1.00
   2: (1.00, 1.00) 1.00 0.50
Resolution:   500, Time: 0.028 (0.110 GFlop => 3984.91 MFlop/s, residual 0.079613, 40 iterations)
Resolution:  1500, Time: 0.253 (0.990 GFlop => 3917.16 MFlop/s, residual 0.238673, 40 iterations)
Resolution:  2500, Time: 1.066 (2.750 GFlop => 2579.30 MFlop/s, residual 0.397703, 40 iterations)
Resolution:  3500, Time: 2.179 (5.390 GFlop => 2473.25 MFlop/s, residual 0.556728, 40 iterations)
Resolution:  4500, Time: 3.641 (8.910 GFlop => 2447.01 MFlop/s, residual 0.715752, 40 iterations)
