16 [140074232424320] INFO perfrun.launcher <> - Launcher main begin
19 [140074232424320] INFO perfrun.launcher <> - MessageCatalogInit finished
19 [140074232424320] INFO perfrun.launcher <> - Launcher instance created
19 [140074232424320] INFO perfrun.launcher <> - argc = 6; cmdline = /dss/lrzsys/sys/spack/release/22.2.1/opt/x86_64/intel-oneapi-vtune/2021.7.1-gcc-ihh6yuf/vtune/2021.7.1/bin64/amplxe-runss -dump-vdso -r /dss/dsshome1/05/h039vai/efficient-programming-of-multicore-systems-and-supercomputers/assignment2/VtuneData/HotspotsO3 --tmp-dir /hppfs/scratch/05/h039vai/tmp/amplxe-tmp-h039vai 
111 [140074232424320] INFO perfrun.launcher <> - create msngr2::ICliToolContext
111 [140074232424320] INFO perfrun.launcher <> - create file finder object
132 [140074099107584] INFO perfrun.launcher <> - plugin [remoteplug] was disabled because it doesn't support the given collection type.
132 [140074099107584] INFO perfrun.launcher <> - plugin [system] was disabled because it doesn't support the given collection type.
132 [140074099107584] INFO perfrun.vdso <> - dumping [vdso] pseudomodule
143 [140074099107584] INFO perfrun.launcher <> - plugin [itt] was disabled because it doesn't support the given collection type.
143 [140074099107584] INFO perfrun.launcher <> - plugin [ptracecollector] was disabled because it doesn't support the given collection type.
143 [140074099107584] INFO perfrun.launcher <> - plugin [gpu] was disabled because it doesn't support the given collection type.
143 [140074099107584] INFO perfrun.launcher <> - plugin [] was disabled because it doesn't support the given collection type.
143 [140074099107584] INFO perfrun.launcher <> - plugin [] was disabled because it doesn't support the given collection type.
143 [140074099107584] INFO perfrun.launcher <> - plugin [] was disabled because it doesn't support the given collection type.
143 [140074099107584] INFO perfrun.launcher <> - plugin [mrte] was disabled because it doesn't support the given collection type.
143 [140074099107584] INFO perfrun.launcher <> - plugin [emon] was disabled because it doesn't support the given collection type.
143 [140074099107584] INFO perfrun.launcher <> - plugin [cuscol] was disabled because it doesn't support the given collection type.
143 [140074099107584] INFO perfrun.launcher <> - plugin [stdsrc] was disabled because it doesn't support the given collection type.
143 [140074099107584] INFO perfrun.launcher <> - plugin [sep] was disabled because it doesn't support the given collection type.
143 [140074099107584] INFO perfrun.launcher <> - plugin [vtsspp] was disabled because it doesn't support the given collection type.
143 [140074099107584] INFO perfrun.launcher <> - plugin [perf] was disabled because it doesn't support the given collection type.
143 [140074099107584] INFO perfrun.launcher <> - plugin [aoclprofile] was disabled because it doesn't support the given collection type.
143 [140074099107584] INFO perfrun.launcher <> - plugin [tpss] was disabled because it doesn't support the given collection type.
143 [140074099107584] INFO perfrun.launcher <> - plugin [exprof] was disabled because it doesn't support the given collection type.
143 [140074099107584] INFO perfrun.launcher <> - plugin [media] was disabled because it doesn't support the given collection type.
143 [140074099107584] INFO perfrun.launcher <> - plugin [] was disabled because it doesn't support the given collection type.
143 [140074099107584] INFO perfrun.launcher <> - plugin [] was disabled because it doesn't support the given collection type.
143 [140074099107584] INFO perfrun.launcher <> - plugin [parallelfs] was disabled because it doesn't support the given collection type.
143 [140074099107584] INFO perfrun.launcher <> - plugin [power] was disabled because it doesn't support the given collection type.
143 [140074099107584] INFO perfrun.launcher <> - plugin [hwloc] was disabled because it doesn't support the given collection type.
145 [140074099107584] INFO perfrun.launcher <> - plugin [ipmwatch] was disabled because it doesn't support the given collection type.
145 [140074099107584] INFO perfrun.launcher <> - plugin [os_counters] was disabled because it doesn't support the given collection type.
145 [140074232424320] INFO perfrun.launcher <> - Application exit code: 0
145 [140074232424320] INFO perfrun.launcher <> - Exit code: 0
