64 1


Resolution: 2000
===================
Execution time: 0.016386
Residual: 0.236070

megaflops:  1324.3
  flop instructions (M):  21.700


Resolution: 6000
===================
Execution time: 0.250336
Residual: 0.708009

megaflops:  780.2
  flop instructions (M):  195.300
1 64


Resolution: 2000
===================
Execution time: 0.014228
Residual: 0.236070

megaflops:  1525.2
  flop instructions (M):  21.700


Resolution: 6000
===================
Execution time: 0.225520
Residual: 0.708009

megaflops:  866.0
  flop instructions (M):  195.300
8 8


Resolution: 2000
===================
Execution time: 0.013463
Residual: 0.236070

megaflops:  1624.8
  flop instructions (M):  21.875


Resolution: 6000
===================
Execution time: 0.223873
Residual: 0.708009

megaflops:  879.4
  flop instructions (M):  196.875
4 16


Resolution: 2000
===================
Execution time: 0.013163
Residual: 0.236070

megaflops:  1661.8
  flop instructions (M):  21.875


Resolution: 6000
===================
Execution time: 0.225236
Residual: 0.708009

megaflops:  874.1
  flop instructions (M):  196.875
16 4


Resolution: 2000
===================
Execution time: 0.013589
Residual: 0.236070

megaflops:  1609.8
  flop instructions (M):  21.875


Resolution: 6000
===================
Execution time: 0.235947
Residual: 0.708009

megaflops:  834.4
  flop instructions (M):  196.875
32 2


Resolution: 2000
===================
Execution time: 0.014581
Residual: 0.236070

megaflops:  1488.2
  flop instructions (M):  21.700


Resolution: 6000
===================
Execution time: 0.243825
Residual: 0.708009

megaflops:  805.3
  flop instructions (M):  196.350
2 32


Resolution: 2000
===================
Execution time: 0.013576
Residual: 0.236070

megaflops:  1598.4
  flop instructions (M):  21.700


Resolution: 6000
===================
Execution time: 0.211466
Residual: 0.708009

megaflops:  928.5
  flop instructions (M):  196.350
96 1


Resolution: 2000
===================
Execution time: 0.159727
Residual: 0.236070

megaflops:  87.6
  flop instructions (M):  14.000


Resolution: 6000
===================
Execution time: 0.287082
Residual: 0.708009

megaflops:  453.5
  flop instructions (M):  130.200
1 96


Resolution: 2000
===================
Execution time: 0.160898
Residual: 0.236070

megaflops:  87.0
  flop instructions (M):  14.000


Resolution: 6000
===================
Execution time: 0.214010
Residual: 0.708009

megaflops:  608.4
  flop instructions (M):  130.200
24 4


Resolution: 2000
===================
Execution time: 0.130724
Residual: 0.236070

megaflops:  111.1
  flop instructions (M):  14.525


Resolution: 6000
===================
Execution time: 0.237603
Residual: 0.708009

megaflops:  552.4
  flop instructions (M):  131.250
4 24


Resolution: 2000
===================
Execution time: 0.135232
Residual: 0.236070

megaflops:  107.4
  flop instructions (M):  14.525


Resolution: 6000
===================
Execution time: 0.212777
Residual: 0.708009

megaflops:  616.8
  flop instructions (M):  131.250
12 8


Resolution: 2000
===================
Execution time: 0.031920
Residual: 0.236070

megaflops:  455.0
  flop instructions (M):  14.525


Resolution: 6000
===================
Execution time: 0.212779
Residual: 0.708009

megaflops:  616.8
  flop instructions (M):  131.250
8 12


Resolution: 2000
===================
Execution time: 0.344621
Residual: 0.236070

megaflops:  42.1
  flop instructions (M):  14.525


Resolution: 6000
===================
Execution time: 0.206316
Residual: 0.708009

megaflops:  636.2
  flop instructions (M):  131.250
2 48


Resolution: 2000
===================
Execution time: 0.103432
Residual: 0.236070

megaflops:  138.7
  flop instructions (M):  14.350


Resolution: 6000
===================
Execution time: 0.208493
Residual: 0.708009

megaflops:  629.5
  flop instructions (M):  131.250
48 2


Resolution: 2000
===================
Execution time: 0.139398
Residual: 0.236070

megaflops:  102.9
  flop instructions (M):  14.350


Resolution: 6000
===================
Execution time: 0.236823
Residual: 0.708009

megaflops:  554.2
  flop instructions (M):  131.250
3 32


Resolution: 2000
===================
Execution time: 0.010441
Residual: 0.236070

megaflops:  1384.2
  flop instructions (M):  14.452


Resolution: 6000
===================
Execution time: 0.220589
Residual: 0.708009

megaflops:  593.4
  flop instructions (M):  130.900
32 3


Resolution: 2000
===================
Execution time: 0.028795
Residual: 0.236070

megaflops:  501.9
  flop instructions (M):  14.452


Resolution: 6000
===================
Execution time: 0.215284
Residual: 0.708009

megaflops:  608.0
  flop instructions (M):  130.900
8 12


Resolution: 2000
===================
Execution time: 0.019556
Residual: 0.236070

megaflops:  742.7
  flop instructions (M):  14.525


Resolution: 6000
===================
Execution time: 0.231723
Residual: 0.708009

megaflops:  566.4
  flop instructions (M):  131.250
6 16


Resolution: 2000
===================
Execution time: 0.064673
Residual: 0.236070

megaflops:  225.3
  flop instructions (M):  14.569


Resolution: 6000
===================
Execution time: 0.238905
Residual: 0.708009

megaflops:  549.4
  flop instructions (M):  131.250
16 6


Resolution: 2000
===================
Execution time: 0.090969
Residual: 0.236070

megaflops:  160.2
  flop instructions (M):  14.569


Resolution: 6000
===================
Execution time: 0.216662
Residual: 0.708009

megaflops:  605.8
  flop instructions (M):  131.250
