1 128


Resolution: 2000
===================
Execution time: 0.009834
Residual: 0.236070

megaflops:  1067.7
  flop instructions (M):  10.500


Resolution: 6000
===================
Execution time: 0.161553
Residual: 0.708009

megaflops:  597.9
  flop instructions (M):  96.600
128 1


Resolution: 2000
===================
Execution time: 0.013276
Residual: 0.236070

megaflops:  790.9
  flop instructions (M):  10.500


Resolution: 6000
===================
Execution time: 0.198040
Residual: 0.708009

megaflops:  487.8
  flop instructions (M):  96.600
16 8


Resolution: 2000
===================
Execution time: 0.008798
Residual: 0.236070

megaflops:  1243.2
  flop instructions (M):  10.938


Resolution: 6000
===================
Execution time: 0.156003
Residual: 0.708009

megaflops:  631.0
  flop instructions (M):  98.438
8 16


Resolution: 2000
===================
Execution time: 0.023425
Residual: 0.236070

megaflops:  466.9
  flop instructions (M):  10.938


Resolution: 6000
===================
Execution time: 0.152671
Residual: 0.708009

megaflops:  644.8
  flop instructions (M):  98.438
64 2


Resolution: 2000
===================
Execution time: 0.132311
Residual: 0.236070

megaflops:  82.0
  flop instructions (M):  10.850


Resolution: 6000
===================
Execution time: 0.169990
Residual: 0.708009

megaflops:  574.4
  flop instructions (M):  97.650
2 64


Resolution: 2000
===================
Execution time: 0.028659
Residual: 0.236070

megaflops:  378.6
  flop instructions (M):  10.850


Resolution: 6000
===================
Execution time: 0.151884
Residual: 0.708009

megaflops:  642.9
  flop instructions (M):  97.650
32 4


Resolution: 2000
===================
Execution time: 0.042958
Residual: 0.236070

megaflops:  252.6
  flop instructions (M):  10.850


Resolution: 6000
===================
Execution time: 0.173145
Residual: 0.708009

megaflops:  567.0
  flop instructions (M):  98.175
4 32


Resolution: 2000
===================
Execution time: 0.079470
Residual: 0.236070

megaflops:  136.5
  flop instructions (M):  10.850


Resolution: 6000
===================
Execution time: 0.158974
Residual: 0.708009

megaflops:  617.6
  flop instructions (M):  98.175
1 144


Resolution: 2000
===================
Execution time: 0.106667
Residual: 0.236070

megaflops:  85.3
  flop instructions (M):  9.100


Resolution: 6000
===================
Execution time: 0.139098
Residual: 0.708009

megaflops:  619.0
  flop instructions (M):  86.100
144 1


Resolution: 2000
===================
Execution time: 0.125098
Residual: 0.236070

megaflops:  72.7
  flop instructions (M):  9.100


Resolution: 6000
===================
Execution time: 0.185993
Residual: 0.708009

megaflops:  462.9
  flop instructions (M):  86.100
18 8


Resolution: 2000
===================
Execution time: 0.074019
Residual: 0.236070

megaflops:  131.2
  flop instructions (M):  9.713


Resolution: 6000
===================
Execution time: 0.133775
Residual: 0.708009

megaflops:  653.4
  flop instructions (M):  87.412
8 18


Resolution: 2000
===================
Execution time: 0.115720
Residual: 0.236070

megaflops:  83.9
  flop instructions (M):  9.713


Resolution: 6000
===================
Execution time: 0.132106
Residual: 0.708009

megaflops:  661.7
  flop instructions (M):  87.412
72 2


Resolution: 2000
===================
Execution time: 0.059090
Residual: 0.236070

megaflops:  159.9
  flop instructions (M):  9.450


Resolution: 6000
===================
Execution time: 0.147821
Residual: 0.708009

megaflops:  589.6
  flop instructions (M):  87.150
2 72


Resolution: 2000
===================
Execution time: 0.065198
Residual: 0.236070

megaflops:  144.9
  flop instructions (M):  9.450


Resolution: 6000
===================
Execution time: 0.142051
Residual: 0.708009

megaflops:  613.5
  flop instructions (M):  87.150
36 4


Resolution: 2000
===================
Execution time: 0.082539
Residual: 0.236070

megaflops:  116.6
  flop instructions (M):  9.625


Resolution: 6000
===================
Execution time: 0.140655
Residual: 0.708009

megaflops:  619.6
  flop instructions (M):  87.150
4 36


Resolution: 2000
===================
Execution time: 0.167004
Residual: 0.236070

megaflops:  57.6
  flop instructions (M):  9.625


Resolution: 6000
===================
Execution time: 0.132196
Residual: 0.708009

megaflops:  659.2
  flop instructions (M):  87.150
3 48


Resolution: 2000
===================
Execution time: 0.143045
Residual: 0.236070

megaflops:  66.8
  flop instructions (M):  9.557


Resolution: 6000
===================
Execution time: 0.145393
Residual: 0.708009

megaflops:  601.8
  flop instructions (M):  87.500
48 3


Resolution: 2000
===================
Execution time: 0.122579
Residual: 0.236070

megaflops:  78.0
  flop instructions (M):  9.557


Resolution: 6000
===================
Execution time: 0.150754
Residual: 0.708009

megaflops:  580.4
  flop instructions (M):  87.500
9 16


Resolution: 2000
===================
Execution time: 0.122565
Residual: 0.236070

megaflops:  79.2
  flop instructions (M):  9.713


Resolution: 6000
===================
Execution time: 0.133225
Residual: 0.708009

megaflops:  656.1
  flop instructions (M):  87.412
16 9


Resolution: 2000
===================
Execution time: 0.008375
Residual: 0.236070

megaflops:  1159.7
  flop instructions (M):  9.713


Resolution: 6000
===================
Execution time: 0.140407
Residual: 0.708009

megaflops:  622.6
  flop instructions (M):  87.412
12 12


Resolution: 2000
===================
Execution time: 0.083009
Residual: 0.236070

megaflops:  116.2
  flop instructions (M):  9.645


Resolution: 6000
===================
Execution time: 0.132979
Residual: 0.708009

megaflops:  658.0
  flop instructions (M):  87.500
6 24


Resolution: 2000
===================
Execution time: 0.097945
Residual: 0.236070

megaflops:  98.8
  flop instructions (M):  9.674


Resolution: 6000
===================
Execution time: 0.138111
Residual: 0.708009

megaflops:  633.5
  flop instructions (M):  87.500
24 6


Resolution: 2000
===================
Execution time: 0.086521
Residual: 0.236070

megaflops:  111.8
  flop instructions (M):  9.674


Resolution: 6000
===================
Execution time: 0.133958
Residual: 0.708009

megaflops:  653.2
  flop instructions (M):  87.500
